<?xml version="1.0" encoding="UTF-8"?>
<testng-results ignored="0" total="1" passed="1" failed="0" skipped="0">
  <reporter-output>
  </reporter-output>
  <suite started-at="2024-08-03T19:59:22 ICT" name="Default suite" finished-at="2024-08-03T19:59:27 ICT" duration-ms="4743">
    <groups>
    </groups>
    <test started-at="2024-08-03T19:59:22 ICT" name="Default test" finished-at="2024-08-03T19:59:27 ICT" duration-ms="4743">
      <class name="automation.testsuite.Day8_Practice2">
        <test-method is-config="true" signature="openBrowser()[pri:0, instance:automation.testsuite.Day8_Practice2@7d4f9aae]" started-at="2024-08-03T19:59:22 ICT" name="openBrowser" finished-at="2024-08-03T19:59:26 ICT" duration-ms="4662" status="PASS">
          <reporter-output>
          </reporter-output>
        </test-method> <!-- openBrowser -->
        <test-method signature="getElementById()[pri:0, instance:automation.testsuite.Day8_Practice2@7d4f9aae]" started-at="2024-08-03T19:59:26 ICT" name="getElementById" finished-at="2024-08-03T19:59:27 ICT" duration-ms="55" status="PASS">
          <reporter-output>
          </reporter-output>
        </test-method> <!-- getElementById -->
      </class> <!-- automation.testsuite.Day8_Practice2 -->
    </test> <!-- Default test -->
  </suite> <!-- Default suite -->
</testng-results>
